Started GET "/" for 127.0.0.1 at 2018-08-20 08:35:36 -0400
  
ActiveRecord::NoDatabaseError (FATAL:  database "bands_development" does not exist
):
  
activerecord (5.2.1) lib/active_record/connection_adapters/postgresql_adapter.rb:688:in `rescue in connect'
activerecord (5.2.1) lib/active_record/connection_adapters/postgresql_adapter.rb:684:in `connect'
activerecord (5.2.1) lib/active_record/connection_adapters/postgresql_adapter.rb:215:in `initialize'
activerecord (5.2.1) lib/active_record/connection_adapters/postgresql_adapter.rb:40:in `new'
activerecord (5.2.1) lib/active_record/connection_adapters/postgresql_adapter.rb:40:in `postgresql_connection'
activerecord (5.2.1) lib/active_record/connection_adapters/abstract/connection_pool.rb:809:in `new_connection'
activerecord (5.2.1) lib/active_record/connection_adapters/abstract/connection_pool.rb:853:in `checkout_new_connection'
activerecord (5.2.1) lib/active_record/connection_adapters/abstract/connection_pool.rb:832:in `try_to_checkout_new_connection'
activerecord (5.2.1) lib/active_record/connection_adapters/abstract/connection_pool.rb:793:in `acquire_connection'
activerecord (5.2.1) lib/active_record/connection_adapters/abstract/connection_pool.rb:521:in `checkout'
activerecord (5.2.1) lib/active_record/connection_adapters/abstract/connection_pool.rb:380:in `connection'
activerecord (5.2.1) lib/active_record/connection_adapters/abstract/connection_pool.rb:1008:in `retrieve_connection'
activerecord (5.2.1) lib/active_record/connection_handling.rb:118:in `retrieve_connection'
activerecord (5.2.1) lib/active_record/connection_handling.rb:90:in `connection'
activerecord (5.2.1) lib/active_record/migration.rb:554:in `call'
actionpack (5.2.1) lib/action_dispatch/middleware/callbacks.rb:28:in `block in call'
activesupport (5.2.1) lib/active_support/callbacks.rb:98:in `run_callbacks'
actionpack (5.2.1) lib/action_dispatch/middleware/callbacks.rb:26:in `call'
actionpack (5.2.1) lib/action_dispatch/middleware/executor.rb:14:in `call'
actionpack (5.2.1) lib/action_dispatch/middleware/debug_exceptions.rb:61:in `call'
web-console (3.6.2) lib/web_console/middleware.rb:135:in `call_app'
web-console (3.6.2) lib/web_console/middleware.rb:30:in `block in call'
web-console (3.6.2) lib/web_console/middleware.rb:20:in `catch'
web-console (3.6.2) lib/web_console/middleware.rb:20:in `call'
actionpack (5.2.1) lib/action_dispatch/middleware/show_exceptions.rb:33:in `call'
railties (5.2.1) lib/rails/rack/logger.rb:38:in `call_app'
railties (5.2.1) lib/rails/rack/logger.rb:26:in `block in call'
activesupport (5.2.1) lib/active_support/tagged_logging.rb:71:in `block in tagged'
activesupport (5.2.1) lib/active_support/tagged_logging.rb:28:in `tagged'
activesupport (5.2.1) lib/active_support/tagged_logging.rb:71:in `tagged'
railties (5.2.1) lib/rails/rack/logger.rb:26:in `call'
sprockets-rails (3.2.1) lib/sprockets/rails/quiet_assets.rb:13:in `call'
actionpack (5.2.1) lib/action_dispatch/middleware/remote_ip.rb:81:in `call'
actionpack (5.2.1) lib/action_dispatch/middleware/request_id.rb:27:in `call'
rack (2.0.5) lib/rack/method_override.rb:22:in `call'
rack (2.0.5) lib/rack/runtime.rb:22:in `call'
activesupport (5.2.1) lib/active_support/cache/strategy/local_cache_middleware.rb:29:in `call'
actionpack (5.2.1) lib/action_dispatch/middleware/executor.rb:14:in `call'
actionpack (5.2.1) lib/action_dispatch/middleware/static.rb:127:in `call'
rack (2.0.5) lib/rack/sendfile.rb:111:in `call'
railties (5.2.1) lib/rails/engine.rb:524:in `call'
puma (3.12.0) lib/puma/configuration.rb:225:in `call'
puma (3.12.0) lib/puma/server.rb:658:in `handle_request'
puma (3.12.0) lib/puma/server.rb:472:in `process_client'
puma (3.12.0) lib/puma/server.rb:332:in `block in run'
puma (3.12.0) lib/puma/thread_pool.rb:133:in `block in spawn_thread'
  [1m[35m (326.3ms)[0m  [1m[35mCREATE DATABASE "bands_development" ENCODING = 'unicode'[0m
  ↳ bin/rails:9
  [1m[35m (242.0ms)[0m  [1m[35mCREATE DATABASE "bands_test" ENCODING = 'unicode'[0m
  ↳ bin/rails:9
Started GET "/" for 127.0.0.1 at 2018-08-20 08:35:57 -0400
Processing by Rails::WelcomeController#index as HTML
  Rendering /Library/Ruby/Gems/2.3.0/gems/railties-5.2.1/lib/rails/templates/rails/welcome/index.html.erb
  Rendered /Library/Ruby/Gems/2.3.0/gems/railties-5.2.1/lib/rails/templates/rails/welcome/index.html.erb (2.4ms)
Completed 200 OK in 30ms (Views: 5.1ms | ActiveRecord: 0.0ms)


Started GET "/bands" for 127.0.0.1 at 2018-08-20 09:03:16 -0400
  
SyntaxError (/Users/blandhalen/Documents/dev projects/band-directory/bands/config/routes.rb:7: syntax error, unexpected tIDENTIFIER, expecting keyword_end
  get '/bands/:id' to: 'bands#show'
                     ^):
  
config/routes.rb:7: syntax error, unexpected tIDENTIFIER, expecting keyword_end
Started GET "/bands" for 127.0.0.1 at 2018-08-20 09:03:38 -0400
Processing by BandsController#index as */*
Completed 500 Internal Server Error in 1ms (ActiveRecord: 0.0ms)


  
SyntaxError (/Users/blandhalen/Documents/dev projects/band-directory/bands/app/models/band.rb:16: syntax error, unexpected end-of-input, expecting keyword_end
    end 
        ^):
  
app/models/band.rb:16: syntax error, unexpected end-of-input, expecting keyword_end
app/controllers/bands_controller.rb:5:in `index'
Started GET "/bands" for 127.0.0.1 at 2018-08-20 09:03:53 -0400
Processing by BandsController#index as */*
Completed 200 OK in 7ms (Views: 0.2ms | ActiveRecord: 0.0ms)


Started GET "/bands/1" for 127.0.0.1 at 2018-08-20 09:08:15 -0400
Processing by BandsController#show as */*
  Parameters: {"id"=>"1"}
Completed 500 Internal Server Error in 2ms (ActiveRecord: 0.0ms)


  
NoMethodError (undefined method `find' for Band:Class):
  
app/controllers/bands_controller.rb:9:in `show'
Started GET "/bands" for 127.0.0.1 at 2018-08-20 09:08:44 -0400
Processing by BandsController#index as */*
Completed 200 OK in 1ms (Views: 0.2ms | ActiveRecord: 0.0ms)


Started GET "/bands/1" for 127.0.0.1 at 2018-08-20 09:08:51 -0400
Processing by BandsController#show as */*
  Parameters: {"id"=>"1"}
Completed 500 Internal Server Error in 2ms (ActiveRecord: 0.0ms)


  
NoMethodError (undefined method `find' for Band:Class):
  
app/controllers/bands_controller.rb:9:in `show'
Started GET "/bands/1" for 127.0.0.1 at 2018-08-20 09:11:51 -0400
Processing by BandsController#show as */*
  Parameters: {"id"=>"1"}
Completed 500 Internal Server Error in 8ms (ActiveRecord: 0.0ms)


  
NameError (undefined local variable or method `results' for Band:Class):
  
app/models/band.rb:19:in `find'
app/controllers/bands_controller.rb:9:in `show'
Started GET "/bands/1" for 127.0.0.1 at 2018-08-20 09:12:17 -0400
Processing by BandsController#show as */*
  Parameters: {"id"=>"1"}
Completed 500 Internal Server Error in 8ms (ActiveRecord: 0.0ms)


  
NoMethodError (undefined method `fist' for #<PG::Result:0x007f92da671cf8>
Did you mean?  first):
  
app/models/band.rb:21:in `find'
app/controllers/bands_controller.rb:9:in `show'
Started GET "/bands/1" for 127.0.0.1 at 2018-08-20 09:12:26 -0400
Processing by BandsController#show as */*
  Parameters: {"id"=>"1"}
Completed 200 OK in 6ms (Views: 0.2ms | ActiveRecord: 0.0ms)


